Using pre-set license
Built from '2022.3/staging' branch; Version is '2022.3.1f1 (f18e0c1b5784) revision 15830540'; Using compiler version '192829333'; Build Type 'Release'
OS: 'Windows 11  (10.0.22621) 64bit Core' Language: 'ja' Physical Memory: 32551 MB
BatchMode: 1, IsHumanControllingUs: 0, StartBugReporterOnCrash: 0, Is64bit: 1, IsPro: 1

COMMAND LINE ARGUMENTS:
C:\Program Files\Unity\Hub\Editor\2022.3.1f1\Editor\Unity.exe
-adb2
-batchMode
-noUpm
-name
AssetImportWorker0
-projectPath
C:/Users/crash/Downloads/Drowsy-main/Drowsy-main/Drows_Unity
-logFile
Logs/AssetImportWorker0.log
-srvPort
61019
Successfully changed project path to: C:/Users/crash/Downloads/Drowsy-main/Drowsy-main/Drows_Unity
C:/Users/crash/Downloads/Drowsy-main/Drowsy-main/Drows_Unity
[UnityMemory] Configuration Parameters - Can be set up in boot.config
    "memorysetup-bucket-allocator-granularity=16"
    "memorysetup-bucket-allocator-bucket-count=8"
    "memorysetup-bucket-allocator-block-size=33554432"
    "memorysetup-bucket-allocator-block-count=8"
    "memorysetup-main-allocator-block-size=16777216"
    "memorysetup-thread-allocator-block-size=16777216"
    "memorysetup-gfx-main-allocator-block-size=16777216"
    "memorysetup-gfx-thread-allocator-block-size=16777216"
    "memorysetup-cache-allocator-block-size=4194304"
    "memorysetup-typetree-allocator-block-size=2097152"
    "memorysetup-profiler-bucket-allocator-granularity=16"
    "memorysetup-profiler-bucket-allocator-bucket-count=8"
    "memorysetup-profiler-bucket-allocator-block-size=33554432"
    "memorysetup-profiler-bucket-allocator-block-count=8"
    "memorysetup-profiler-allocator-block-size=16777216"
    "memorysetup-profiler-editor-allocator-block-size=1048576"
    "memorysetup-temp-allocator-size-main=16777216"
    "memorysetup-job-temp-allocator-block-size=2097152"
    "memorysetup-job-temp-allocator-block-size-background=1048576"
    "memorysetup-job-temp-allocator-reduction-small-platforms=262144"
    "memorysetup-allocator-temp-initial-block-size-main=262144"
    "memorysetup-allocator-temp-initial-block-size-worker=262144"
    "memorysetup-temp-allocator-size-background-worker=32768"
    "memorysetup-temp-allocator-size-job-worker=262144"
    "memorysetup-temp-allocator-size-preload-manager=33554432"
    "memorysetup-temp-allocator-size-nav-mesh-worker=65536"
    "memorysetup-temp-allocator-size-audio-worker=65536"
    "memorysetup-temp-allocator-size-cloud-worker=32768"
    "memorysetup-temp-allocator-size-gi-baking-worker=262144"
    "memorysetup-temp-allocator-size-gfx=262144"
Player connection [15512] Host "[IP] 192.168.0.58 [Port] 0 [Flags] 2 [Guid] 3839811517 [EditorId] 3839811517 [Version] 1048832 [Id] WindowsEditor(7,STORM-PC) [Debug] 1 [PackageName] WindowsEditor [ProjectName] Editor" joined multi-casting on [225.0.0.222:54997]...

Player connection [15512] Host "[IP] 192.168.0.58 [Port] 0 [Flags] 2 [Guid] 3839811517 [EditorId] 3839811517 [Version] 1048832 [Id] WindowsEditor(7,STORM-PC) [Debug] 1 [PackageName] WindowsEditor [ProjectName] Editor" joined alternative multi-casting on [225.0.0.222:34997]...

Refreshing native plugins compatible for Editor in 6.54 ms, found 4 plugins.
Preloading 0 native plugins for Editor in 0.00 ms.
Initialize engine version: 2022.3.1f1 (f18e0c1b5784)
[Subsystems] Discovering subsystems at path C:/Program Files/Unity/Hub/Editor/2022.3.1f1/Editor/Data/Resources/UnitySubsystems
[Subsystems] Discovering subsystems at path C:/Users/crash/Downloads/Drowsy-main/Drowsy-main/Drows_Unity/Assets
GfxDevice: creating device client; threaded=0; jobified=0
Direct3D:
    Version:  Direct3D 11.0 [level 11.1]
    Renderer: NVIDIA GeForce RTX 3060 (ID=0x2504)
    Vendor:   NVIDIA
    VRAM:     12129 MB
    Driver:   31.0.15.3168
Initialize mono
Mono path[0] = 'C:/Program Files/Unity/Hub/Editor/2022.3.1f1/Editor/Data/Managed'
Mono path[1] = 'C:/Program Files/Unity/Hub/Editor/2022.3.1f1/Editor/Data/MonoBleedingEdge/lib/mono/unityjit-win32'
Mono config path = 'C:/Program Files/Unity/Hub/Editor/2022.3.1f1/Editor/Data/MonoBleedingEdge/etc'
Using monoOptions --debugger-agent=transport=dt_socket,embedding=1,server=y,suspend=n,address=127.0.0.1:56360
Begin MonoManager ReloadAssembly
Registering precompiled unity dll's ...
Register platform support module: C:/Program Files/Unity/Hub/Editor/2022.3.1f1/Editor/Data/PlaybackEngines/WindowsStandaloneSupport/UnityEditor.WindowsStandalone.Extensions.dll
Registered in 0.003938 seconds.
- Loaded All Assemblies, in  0.244 seconds
Native extension for WindowsStandalone target not found
Mono: successfully reloaded assembly
- Finished resetting the current domain, in  0.185 seconds
Domain Reload Profiling: 428ms
	BeginReloadAssembly (67ms)
		ExecutionOrderSort (0ms)
		DisableScriptedObjects (0ms)
		BackupInstance (0ms)
		ReleaseScriptingObjects (0ms)
		CreateAndSetChildDomain (1ms)
	RebuildCommonClasses (27ms)
	RebuildNativeTypeToScriptingClass (8ms)
	initialDomainReloadingComplete (41ms)
	LoadAllAssembliesAndSetupDomain (102ms)
		LoadAssemblies (65ms)
		RebuildTransferFunctionScriptingTraits (0ms)
		AnalyzeDomain (98ms)
			TypeCache.Refresh (97ms)
				TypeCache.ScanAssembly (88ms)
			ScanForSourceGeneratedMonoScriptInfo (0ms)
			ResolveRequiredComponents (0ms)
	FinalizeReload (185ms)
		ReleaseScriptCaches (0ms)
		RebuildScriptCaches (0ms)
		SetupLoadedEditorAssemblies (145ms)
			LogAssemblyErrors (0ms)
			InitializePlatformSupportModulesInManaged (7ms)
			SetLoadedEditorAssemblies (6ms)
			RefreshPlugins (0ms)
			BeforeProcessingInitializeOnLoad (1ms)
			ProcessInitializeOnLoadAttributes (98ms)
			ProcessInitializeOnLoadMethodAttributes (33ms)
			AfterProcessingInitializeOnLoad (0ms)
			EditorAssembliesLoaded (0ms)
		ExecutionOrderSort2 (0ms)
		AwakeInstancesAfterBackupRestoration (0ms)
========================================================================
Worker process is ready to serve import requests
Begin MonoManager ReloadAssembly
Symbol file LoadedFromMemory doesn't match image C:\Users\crash\Downloads\Drowsy-main\Drowsy-main\Drows_Unity\Library\PackageCache\com.unity.visualscripting@1.8.0\Editor\VisualScripting.Core\Dependencies\YamlDotNet\Unity.VisualScripting.YamlDotNet.dll
Symbol file LoadedFromMemory doesn't match image C:\Users\crash\Downloads\Drowsy-main\Drowsy-main\Drows_Unity\Library\PackageCache\com.unity.visualscripting@1.8.0\Editor\VisualScripting.Core\Dependencies\DotNetZip\Unity.VisualScripting.IonicZip.dll
- Loaded All Assemblies, in  0.568 seconds
Refreshing native plugins compatible for Editor in 3.40 ms, found 4 plugins.
Native extension for WindowsStandalone target not found
Mono: successfully reloaded assembly
- Finished resetting the current domain, in  0.465 seconds
Domain Reload Profiling: 1031ms
	BeginReloadAssembly (91ms)
		ExecutionOrderSort (0ms)
		DisableScriptedObjects (4ms)
		BackupInstance (0ms)
		ReleaseScriptingObjects (0ms)
		CreateAndSetChildDomain (15ms)
	RebuildCommonClasses (23ms)
	RebuildNativeTypeToScriptingClass (8ms)
	initialDomainReloadingComplete (33ms)
	LoadAllAssembliesAndSetupDomain (410ms)
		LoadAssemblies (216ms)
		RebuildTransferFunctionScriptingTraits (0ms)
		AnalyzeDomain (234ms)
			TypeCache.Refresh (213ms)
				TypeCache.ScanAssembly (205ms)
			ScanForSourceGeneratedMonoScriptInfo (17ms)
			ResolveRequiredComponents (4ms)
	FinalizeReload (466ms)
		ReleaseScriptCaches (0ms)
		RebuildScriptCaches (0ms)
		SetupLoadedEditorAssemblies (333ms)
			LogAssemblyErrors (0ms)
			InitializePlatformSupportModulesInManaged (4ms)
			SetLoadedEditorAssemblies (4ms)
			RefreshPlugins (0ms)
			BeforeProcessingInitializeOnLoad (57ms)
			ProcessInitializeOnLoadAttributes (239ms)
			ProcessInitializeOnLoadMethodAttributes (25ms)
			AfterProcessingInitializeOnLoad (4ms)
			EditorAssembliesLoaded (0ms)
		ExecutionOrderSort2 (0ms)
		AwakeInstancesAfterBackupRestoration (5ms)
Launched and connected shader compiler UnityShaderCompiler.exe after 0.03 seconds
Refreshing native plugins compatible for Editor in 3.18 ms, found 4 plugins.
Preloading 0 native plugins for Editor in 0.00 ms.
Unloading 4235 Unused Serialized files (Serialized files now loaded: 0)
Unloading 76 unused Assets / (134.9 KB). Loaded Objects now: 4700.
Memory consumption went from 153.2 MB to 153.0 MB.
Total: 2.860100 ms (FindLiveObjects: 0.217700 ms CreateObjectMapping: 0.142700 ms MarkObjects: 2.371800 ms  DeleteObjects: 0.126700 ms)

AssetImportParameters requested are different than current active one (requested -> active):
  custom:container-demuxer-ogg: 62fdf1f143b41e24485cea50d1cbac27 -> 
  custom:video-decoder-ogg-theora: a1e56fd34408186e4bbccfd4996cb3dc -> 
  custom:framework-win-MediaFoundation: 216162199b28c13a410421893ffa2e32 -> 
  custom:container-demuxer-webm: 4f35f7cbe854078d1ac9338744f61a02 -> 
  custom:container-muxer-webm: aa71ff27fc2769a1b78a27578f13a17b -> 
  custom:video-decoder-webm-vp8: 9c59270c3fd7afecdb556c50c9e8de78 -> 
  custom:AudioImporter_EditorPlatform: d09bf68614088b80899f8185d706f6e7 -> 
  custom:video-encoder-webm-vp8: eb34c28f22e8b96e1ab97ce403110664 -> 
  custom:audio-decoder-ogg-vorbis: bf7c407c2cedff20999df2af8eb42d56 -> 
  custom:audio-encoder-webm-vorbis: bf7c407c2cedff20999df2af8eb42d56 -> 
========================================================================
Received Import Request.
  Time since last request: 539805.862065 seconds.
  path: Assets/Game/Core/Progression.asset
  artifactKey: Guid(eb16030507a845e4c92d3b0f9b7d1f8c) Importer(815301076,1909f56bfc062723c751e8b465ee728b)
Start importing Assets/Game/Core/Progression.asset using Guid(eb16030507a845e4c92d3b0f9b7d1f8c) Importer(815301076,1909f56bfc062723c751e8b465ee728b)  -> (artifact id: 'eeebb4c8b7f8e40eab92ec4c4ff0f7b4') in 0.009390 seconds
Number of updated asset objects reloaded before import = 0
Number of asset objects unloaded after import = 1
========================================================================
Received Import Request.
  Time since last request: 5.904664 seconds.
  path: Assets/Art/Backgrounds
  artifactKey: Guid(bb40847a296d3c9448adabae88ea6b5d) Importer(815301076,1909f56bfc062723c751e8b465ee728b)
Start importing Assets/Art/Backgrounds using Guid(bb40847a296d3c9448adabae88ea6b5d) Importer(815301076,1909f56bfc062723c751e8b465ee728b)  -> (artifact id: '4439a3e4d5bfb9d5b6102434a0651bf5') in 0.000509 seconds
Number of updated asset objects reloaded before import = 0
Number of asset objects unloaded after import = 0
========================================================================
Received Import Request.
  Time since last request: 2.650504 seconds.
  path: Assets/Art/2D Hand Painted Tilesets/2D Hand Painted - Interior Tileset
  artifactKey: Guid(b879543e781c8ea449005f1ba876a500) Importer(815301076,1909f56bfc062723c751e8b465ee728b)
Start importing Assets/Art/2D Hand Painted Tilesets/2D Hand Painted - Interior Tileset using Guid(b879543e781c8ea449005f1ba876a500) Importer(815301076,1909f56bfc062723c751e8b465ee728b)  -> (artifact id: '43c4d103f6a32d7b0396260a785e6c2a') in 0.000675 seconds
Number of updated asset objects reloaded before import = 0
Number of asset objects unloaded after import = 0
========================================================================
Received Import Request.
  Time since last request: 1.826349 seconds.
  path: Assets/Art/2D Hand Painted Tilesets/2D Hand Painted - Mine Tileset
  artifactKey: Guid(e0e5c759261ae164dacdfe579e85658f) Importer(815301076,1909f56bfc062723c751e8b465ee728b)
Start importing Assets/Art/2D Hand Painted Tilesets/2D Hand Painted - Mine Tileset using Guid(e0e5c759261ae164dacdfe579e85658f) Importer(815301076,1909f56bfc062723c751e8b465ee728b)  -> (artifact id: '6d7e340ed73f40e74409681a42f4217e') in 0.000586 seconds
Number of updated asset objects reloaded before import = 0
Number of asset objects unloaded after import = 0
========================================================================
Received Import Request.
  Time since last request: 1.238780 seconds.
  path: Assets/Art/2D Hand Painted Tilesets/2D Hand Painted - Snowland Tileset
  artifactKey: Guid(b14f82f3afb9fe744a294db8d2316b5e) Importer(815301076,1909f56bfc062723c751e8b465ee728b)
Start importing Assets/Art/2D Hand Painted Tilesets/2D Hand Painted - Snowland Tileset using Guid(b14f82f3afb9fe744a294db8d2316b5e) Importer(815301076,1909f56bfc062723c751e8b465ee728b)  -> (artifact id: '2d05da16c84348afe835b355ab2cbd22') in 0.000606 seconds
Number of updated asset objects reloaded before import = 0
Number of asset objects unloaded after import = 0
========================================================================
Received Import Request.
  Time since last request: 1.430181 seconds.
  path: Assets/Art/2D Hand Painted Tilesets/2D Hand Painted - Town Tileset
  artifactKey: Guid(1e188391493943d47a9c6089f714b1b2) Importer(815301076,1909f56bfc062723c751e8b465ee728b)
Start importing Assets/Art/2D Hand Painted Tilesets/2D Hand Painted - Town Tileset using Guid(1e188391493943d47a9c6089f714b1b2) Importer(815301076,1909f56bfc062723c751e8b465ee728b)  -> (artifact id: '1ea7dc9f9751f89900d480f9e2abd33b') in 0.000444 seconds
Number of updated asset objects reloaded before import = 0
Number of asset objects unloaded after import = 0
========================================================================
Received Import Request.
  Time since last request: 11.971408 seconds.
  path: Assets/Art/2D Hand Painted Tilesets/2D Hand Painted - Grassland Tileset
  artifactKey: Guid(6f1e5b6294bef9e43baae573fe67768c) Importer(815301076,1909f56bfc062723c751e8b465ee728b)
Start importing Assets/Art/2D Hand Painted Tilesets/2D Hand Painted - Grassland Tileset using Guid(6f1e5b6294bef9e43baae573fe67768c) Importer(815301076,1909f56bfc062723c751e8b465ee728b)  -> (artifact id: 'c978fe59dbc2cc68c811d8385dc3c2ef') in 0.000602 seconds
Number of updated asset objects reloaded before import = 0
Number of asset objects unloaded after import = 0
========================================================================
Received Import Request.
  Time since last request: 0.710991 seconds.
  path: Assets/Art/2D Hand Painted Tilesets/2D Hand Painted - Extra Objects
  artifactKey: Guid(cdedcf460043d2b4d9fc3c289539626b) Importer(815301076,1909f56bfc062723c751e8b465ee728b)
Start importing Assets/Art/2D Hand Painted Tilesets/2D Hand Painted - Extra Objects using Guid(cdedcf460043d2b4d9fc3c289539626b) Importer(815301076,1909f56bfc062723c751e8b465ee728b)  -> (artifact id: 'e6e12c03bb71cd65a2d67491d3e082b0') in 0.000593 seconds
Number of updated asset objects reloaded before import = 0
Number of asset objects unloaded after import = 0
========================================================================
Received Import Request.
  Time since last request: 1.057396 seconds.
  path: Assets/Art/2D Hand Painted Tilesets/2D Hand Painted - Dungeon Tileset
  artifactKey: Guid(73a2b08970612044aaac3edb2650b6dc) Importer(815301076,1909f56bfc062723c751e8b465ee728b)
Start importing Assets/Art/2D Hand Painted Tilesets/2D Hand Painted - Dungeon Tileset using Guid(73a2b08970612044aaac3edb2650b6dc) Importer(815301076,1909f56bfc062723c751e8b465ee728b)  -> (artifact id: '3382801ddfe838edb822af0c07be8e93') in 0.000486 seconds
Number of updated asset objects reloaded before import = 0
Number of asset objects unloaded after import = 0
========================================================================
Received Import Request.
  Time since last request: 29.679001 seconds.
  path: Assets/Art/2D Hand Painted Tilesets/2D Hand Painted - Interior Tileset/Sprites
  artifactKey: Guid(1841a402c0a0897459c0e9768257b6c7) Importer(815301076,1909f56bfc062723c751e8b465ee728b)
Start importing Assets/Art/2D Hand Painted Tilesets/2D Hand Painted - Interior Tileset/Sprites using Guid(1841a402c0a0897459c0e9768257b6c7) Importer(815301076,1909f56bfc062723c751e8b465ee728b)  -> (artifact id: '452213db8d22e225570af3bffd72e79c') in 0.000440 seconds
Number of updated asset objects reloaded before import = 0
Number of asset objects unloaded after import = 0
========================================================================
Received Import Request.
  Time since last request: 1.659361 seconds.
  path: Assets/Art/2D Hand Painted Tilesets/2D Hand Painted - Interior Tileset/Tile Palette
  artifactKey: Guid(600c382e227c6af45abe8d60e54607f2) Importer(815301076,1909f56bfc062723c751e8b465ee728b)
Start importing Assets/Art/2D Hand Painted Tilesets/2D Hand Painted - Interior Tileset/Tile Palette using Guid(600c382e227c6af45abe8d60e54607f2) Importer(815301076,1909f56bfc062723c751e8b465ee728b)  -> (artifact id: '0f962f509ed98d3cbd1016d8529905ac') in 0.000506 seconds
Number of updated asset objects reloaded before import = 0
Number of asset objects unloaded after import = 0
========================================================================
Received Import Request.
  Time since last request: 0.082243 seconds.
  path: Assets/Art/2D Hand Painted Tilesets/2D Hand Painted - Interior Tileset/Tile Palette/Interior.prefab
  artifactKey: Guid(0e2fe82453f9f164ba3b58577fca9615) Importer(815301076,1909f56bfc062723c751e8b465ee728b)
Start importing Assets/Art/2D Hand Painted Tilesets/2D Hand Painted - Interior Tileset/Tile Palette/Interior.prefab using Guid(0e2fe82453f9f164ba3b58577fca9615) Importer(815301076,1909f56bfc062723c751e8b465ee728b)  -> (artifact id: '79b9f9a01297723e3c4e4ab99444af0b') in 12.441737 seconds
Number of updated asset objects reloaded before import = 0
Number of asset objects unloaded after import = 3177
